<?xml version="1.0" encoding="UTF-8"?>
<testng-results ignored="0" total="1" passed="1" failed="0" skipped="0">
  <reporter-output>
  </reporter-output>
  <suite started-at="2024-02-22T14:53:16 IST" name="Default suite" finished-at="2024-02-22T14:53:18 IST" duration-ms="1979">
    <groups>
    </groups>
    <test started-at="2024-02-22T14:53:16 IST" name="Default test" finished-at="2024-02-22T14:53:18 IST" duration-ms="1979">
      <class name="Get.GetTest">
        <test-method signature="get_test()[pri:0, instance:Get.GetTest@194bcebf]" started-at="2024-02-22T14:53:16 IST" name="get_test" finished-at="2024-02-22T14:53:18 IST" duration-ms="1949" status="PASS">
          <reporter-output>
          </reporter-output>
        </test-method> <!-- get_test -->
      </class> <!-- Get.GetTest -->
    </test> <!-- Default test -->
  </suite> <!-- Default suite -->
</testng-results>
